Log file open, 12/22/16 11:01:05
LogInit:Display: Running engine for game: MyProject
LogPlatformFile: Not using cached read wrapper
LogInit:Display: RandInit(762051273) SRandInit(762051273).
LogTaskGraph: Started task graph with 5 named threads and 8 total threads with 1 sets of task threads.
LogStats: Stats thread started at 0.072263
LogPluginManager: Loaded Plugin Paper2D, From C:/Program Files (x86)/Epic Games/4.14/Engine/Plugins/2D/Paper2D/Paper2D.uplugin
LogPluginManager: Loaded Plugin LightPropagationVolume, From C:/Program Files (x86)/Epic Games/4.14/Engine/Plugins/Blendables/LightPropagationVolume/LightPropagationVolume.uplugin
LogPluginManager: Loaded Plugin BlankPlugin, From C:/Program Files (x86)/Epic Games/4.14/Engine/Plugins/Developer/BlankPlugin/BlankPlugin.uplugin
LogPluginManager: Loaded Plugin CodeLiteSourceCodeAccess, From C:/Program Files (x86)/Epic Games/4.14/Engine/Plugins/Developer/CodeLiteSourceCodeAccess/CodeLiteSourceCodeAccess.uplugin
LogPluginManager: Loaded Plugin GitSourceControl, From C:/Program Files (x86)/Epic Games/4.14/Engine/Plugins/Developer/GitSourceControl/GitSourceControl.uplugin
LogPluginManager: Loaded Plugin KDevelopSourceCodeAccess, From C:/Program Files (x86)/Epic Games/4.14/Engine/Plugins/Developer/KDevelopSourceCodeAccess/KDevelopSourceCodeAccess.uplugin
LogPluginManager: Loaded Plugin NullSourceCodeAccess, From C:/Program Files (x86)/Epic Games/4.14/Engine/Plugins/Developer/NullSourceCodeAccess/NullSourceCodeAccess.uplugin
LogPluginManager: Loaded Plugin OneSkyLocalizationService, From C:/Program Files (x86)/Epic Games/4.14/Engine/Plugins/Developer/OneSkyLocalizationService/OneSkyLocalizationService.uplugin
LogPluginManager: Loaded Plugin PerforceSourceControl, From C:/Program Files (x86)/Epic Games/4.14/Engine/Plugins/Developer/PerforceSourceControl/PerforceSourceControl.uplugin
LogPluginManager: Loaded Plugin SubversionSourceControl, From C:/Program Files (x86)/Epic Games/4.14/Engine/Plugins/Developer/SubversionSourceControl/SubversionSourceControl.uplugin
LogPluginManager: Loaded Plugin UObjectPlugin, From C:/Program Files (x86)/Epic Games/4.14/Engine/Plugins/Developer/UObjectPlugin/UObjectPlugin.uplugin
LogPluginManager: Loaded Plugin VisualStudioSourceCodeAccess, From C:/Program Files (x86)/Epic Games/4.14/Engine/Plugins/Developer/VisualStudioSourceCodeAccess/VisualStudioSourceCodeAccess.uplugin
LogPluginManager: Loaded Plugin XCodeSourceCodeAccess, From C:/Program Files (x86)/Epic Games/4.14/Engine/Plugins/Developer/XCodeSourceCodeAccess/XCodeSourceCodeAccess.uplugin
LogPluginManager: Loaded Plugin AudioCapture, From C:/Program Files (x86)/Epic Games/4.14/Engine/Plugins/Editor/AudioCapture/AudioCapture.uplugin
LogPluginManager: Loaded Plugin EpicSurvey, From C:/Program Files (x86)/Epic Games/4.14/Engine/Plugins/Editor/EpicSurvey/EpicSurvey.uplugin
LogPluginManager: Loaded Plugin MacGraphicsSwitching, From C:/Program Files (x86)/Epic Games/4.14/Engine/Plugins/Editor/MacGraphicsSwitching/MacGraphicsSwitching.uplugin
LogPluginManager: Loaded Plugin MobileLauncherProfileWizard, From C:/Program Files (x86)/Epic Games/4.14/Engine/Plugins/Editor/MobileLauncherProfileWizard/MobileLauncherProfileWizard.uplugin
LogPluginManager: Loaded Plugin PluginBrowser, From C:/Program Files (x86)/Epic Games/4.14/Engine/Plugins/Editor/PluginBrowser/PluginBrowser.uplugin
LogPluginManager: Loaded Plugin SpeedTreeImporter, From C:/Program Files (x86)/Epic Games/4.14/Engine/Plugins/Editor/SpeedTreeImporter/SpeedTreeImporter.uplugin
LogPluginManager: Loaded Plugin SuperSearchEditor, From C:/Program Files (x86)/Epic Games/4.14/Engine/Plugins/Editor/SuperSearchEditor/SuperSearchEditor.uplugin
LogPluginManager: Loaded Plugin AlembicImporter, From C:/Program Files (x86)/Epic Games/4.14/Engine/Plugins/Experimental/AlembicImporter/AlembicImporter.uplugin
LogPluginManager: Loaded Plugin BlueprintStats, From C:/Program Files (x86)/Epic Games/4.14/Engine/Plugins/Experimental/BlueprintStats/BlueprintStats.uplugin
LogPluginManager: Loaded Plugin CharacterAI, From C:/Program Files (x86)/Epic Games/4.14/Engine/Plugins/Experimental/CharacterAI/CharacterAI.uplugin
LogPluginManager: Loaded Plugin CodeEditor, From C:/Program Files (x86)/Epic Games/4.14/Engine/Plugins/Experimental/CodeEditor/CodeEditor.uplugin
LogPluginManager: Loaded Plugin CodeView, From C:/Program Files (x86)/Epic Games/4.14/Engine/Plugins/Experimental/CodeView/CodeView.uplugin
LogPluginManager: Loaded Plugin HTML5Networking, From C:/Program Files (x86)/Epic Games/4.14/Engine/Plugins/Experimental/HTML5Networking/HTML5Networking.uplugin
LogPluginManager: Loaded Plugin OSVR, From C:/Program Files (x86)/Epic Games/4.14/Engine/Plugins/Experimental/OSVR/OSVR.uplugin
LogPluginManager: Loaded Plugin Phya, From C:/Program Files (x86)/Epic Games/4.14/Engine/Plugins/Experimental/Phya/Phya.uplugin
LogPluginManager: Loaded Plugin SignificanceManager, From C:/Program Files (x86)/Epic Games/4.14/Engine/Plugins/Experimental/SignificanceManager/SignificanceManager.uplugin
LogPluginManager: Loaded Plugin SimpleHMD, From C:/Program Files (x86)/Epic Games/4.14/Engine/Plugins/Experimental/SimpleHMD/SimpleHMD.uplugin
LogPluginManager: Loaded Plugin StereoPanorama, From C:/Program Files (x86)/Epic Games/4.14/Engine/Plugins/Experimental/StereoPanorama/StereoPanorama.uplugin
LogPluginManager: Loaded Plugin StructBox, From C:/Program Files (x86)/Epic Games/4.14/Engine/Plugins/Experimental/StructBox/StructBox.uplugin
LogPluginManager: Loaded Plugin AndroidMedia, From C:/Program Files (x86)/Epic Games/4.14/Engine/Plugins/Media/AndroidMedia/AndroidMedia.uplugin
LogPluginManager: Loaded Plugin AvfMedia, From C:/Program Files (x86)/Epic Games/4.14/Engine/Plugins/Media/AvfMedia/AvfMedia.uplugin
LogPluginManager: Loaded Plugin MediaPlayerEditor, From C:/Program Files (x86)/Epic Games/4.14/Engine/Plugins/Media/MediaPlayerEditor/MediaPlayerEditor.uplugin
LogPluginManager: Loaded Plugin WmfMedia, From C:/Program Files (x86)/Epic Games/4.14/Engine/Plugins/Media/WmfMedia/WmfMedia.uplugin
LogPluginManager: Loaded Plugin MessagingDebugger, From C:/Program Files (x86)/Epic Games/4.14/Engine/Plugins/Messaging/MessagingDebugger/MessagingDebugger.uplugin
LogPluginManager: Loaded Plugin TcpMessaging, From C:/Program Files (x86)/Epic Games/4.14/Engine/Plugins/Messaging/TcpMessaging/TcpMessaging.uplugin
LogPluginManager: Loaded Plugin UdpMessaging, From C:/Program Files (x86)/Epic Games/4.14/Engine/Plugins/Messaging/UdpMessaging/UdpMessaging.uplugin
LogPluginManager: Loaded Plugin LevelSequenceEditor, From C:/Program Files (x86)/Epic Games/4.14/Engine/Plugins/MovieScene/LevelSequenceEditor/LevelSequenceEditor.uplugin
LogPluginManager: Loaded Plugin MatineeToLevelSequence, From C:/Program Files (x86)/Epic Games/4.14/Engine/Plugins/MovieScene/MatineeToLevelSequence/MatineeToLevelSequence.uplugin
LogPluginManager: Loaded Plugin NetcodeUnitTest, From C:/Program Files (x86)/Epic Games/4.14/Engine/Plugins/NetcodeUnitTest/NetcodeUnitTest/NetcodeUnitTest.uplugin
LogPluginManager: Loaded Plugin NUTUnrealEngine4, From C:/Program Files (x86)/Epic Games/4.14/Engine/Plugins/NetcodeUnitTest/NUTUnrealEngine4/NUTUnrealEngine4.uplugin
LogPluginManager: Loaded Plugin OnlineSubsystemGameCircle, From C:/Program Files (x86)/Epic Games/4.14/Engine/Plugins/Online/Android/OnlineSubsystemGameCircle/OnlineSubsystemGameCircle.uplugin
LogPluginManager: Loaded Plugin OnlineSubsystemGooglePlay, From C:/Program Files (x86)/Epic Games/4.14/Engine/Plugins/Online/Android/OnlineSubsystemGooglePlay/OnlineSubsystemGooglePlay.uplugin
LogPluginManager: Loaded Plugin OnlineSubsystemIOS, From C:/Program Files (x86)/Epic Games/4.14/Engine/Plugins/Online/IOS/OnlineSubsystemIOS/OnlineSubsystemIOS.uplugin
LogPluginManager: Loaded Plugin OnlineFramework, From C:/Program Files (x86)/Epic Games/4.14/Engine/Plugins/Online/OnlineFramework/OnlineFramework.uplugin
LogPluginManager: Loaded Plugin OnlineSubsystem, From C:/Program Files (x86)/Epic Games/4.14/Engine/Plugins/Online/OnlineSubsystem/OnlineSubsystem.uplugin
LogPluginManager: Loaded Plugin OnlineSubsystemAmazon, From C:/Program Files (x86)/Epic Games/4.14/Engine/Plugins/Online/OnlineSubsystemAmazon/OnlineSubsystemAmazon.uplugin
LogPluginManager: Loaded Plugin OnlineSubsystemFacebook, From C:/Program Files (x86)/Epic Games/4.14/Engine/Plugins/Online/OnlineSubsystemFacebook/OnlineSubsystemFacebook.uplugin
LogPluginManager: Loaded Plugin OnlineSubsystemNull, From C:/Program Files (x86)/Epic Games/4.14/Engine/Plugins/Online/OnlineSubsystemNull/OnlineSubsystemNull.uplugin
LogPluginManager: Loaded Plugin OnlineSubsystemOculus, From C:/Program Files (x86)/Epic Games/4.14/Engine/Plugins/Online/OnlineSubsystemOculus/OnlineSubsystemOculus.uplugin
LogPluginManager: Loaded Plugin OnlineSubsystemSteam, From C:/Program Files (x86)/Epic Games/4.14/Engine/Plugins/Online/OnlineSubsystemSteam/OnlineSubsystemSteam.uplugin
LogPluginManager: Loaded Plugin OnlineSubsystemUtils, From C:/Program Files (x86)/Epic Games/4.14/Engine/Plugins/Online/OnlineSubsystemUtils/OnlineSubsystemUtils.uplugin
LogPluginManager: Loaded Plugin IOSTapJoy, From C:/Program Files (x86)/Epic Games/4.14/Engine/Plugins/Runtime/Advertising/IOSTapJoy/IOSTapJoy.uplugin
LogPluginManager: Loaded Plugin AnalyticsBlueprintLibrary, From C:/Program Files (x86)/Epic Games/4.14/Engine/Plugins/Runtime/Analytics/AnalyticsBlueprintLibrary/AnalyticsBlueprintLibrary.uplugin
LogPluginManager: Loaded Plugin AnalyticsMulticast, From C:/Program Files (x86)/Epic Games/4.14/Engine/Plugins/Runtime/Analytics/AnalyticsMulticast/AnalyticsMulticast.uplugin
LogPluginManager: Loaded Plugin Apsalar, From C:/Program Files (x86)/Epic Games/4.14/Engine/Plugins/Runtime/Analytics/Apsalar/Apsalar.uplugin
LogPluginManager: Loaded Plugin FileLogging, From C:/Program Files (x86)/Epic Games/4.14/Engine/Plugins/Runtime/Analytics/FileLogging/FileLogging.uplugin
LogPluginManager: Loaded Plugin Flurry, From C:/Program Files (x86)/Epic Games/4.14/Engine/Plugins/Runtime/Analytics/Flurry/Flurry.uplugin
LogPluginManager: Loaded Plugin AndroidDeviceProfileSelector, From C:/Program Files (x86)/Epic Games/4.14/Engine/Plugins/Runtime/AndroidDeviceProfileSelector/AndroidDeviceProfileSelector.uplugin
LogPluginManager: Loaded Plugin AndroidMoviePlayer, From C:/Program Files (x86)/Epic Games/4.14/Engine/Plugins/Runtime/AndroidMoviePlayer/AndroidMoviePlayer.uplugin
LogPluginManager: Loaded Plugin AppleMoviePlayer, From C:/Program Files (x86)/Epic Games/4.14/Engine/Plugins/Runtime/AppleMoviePlayer/AppleMoviePlayer.uplugin
LogPluginManager: Loaded Plugin ArchVisCharacter, From C:/Program Files (x86)/Epic Games/4.14/Engine/Plugins/Runtime/ArchVisCharacter/ArchVisCharacter.uplugin
LogPluginManager: Loaded Plugin CableComponent, From C:/Program Files (x86)/Epic Games/4.14/Engine/Plugins/Runtime/CableComponent/CableComponent.uplugin
LogPluginManager: Loaded Plugin CustomMeshComponent, From C:/Program Files (x86)/Epic Games/4.14/Engine/Plugins/Runtime/CustomMeshComponent/CustomMeshComponent.uplugin
LogPluginManager: Loaded Plugin ExampleDeviceProfileSelector, From C:/Program Files (x86)/Epic Games/4.14/Engine/Plugins/Runtime/ExampleDeviceProfileSelector/ExampleDeviceProfileSelector.uplugin
LogPluginManager: Loaded Plugin GearVR, From C:/Program Files (x86)/Epic Games/4.14/Engine/Plugins/Runtime/GearVR/GearVR.uplugin
LogPluginManager: Loaded Plugin GoogleVRController, From C:/Program Files (x86)/Epic Games/4.14/Engine/Plugins/Runtime/GoogleVR/GoogleVRController/GoogleVRController.uplugin
LogPluginManager: Loaded Plugin GoogleVRHMD, From C:/Program Files (x86)/Epic Games/4.14/Engine/Plugins/Runtime/GoogleVR/GoogleVRHMD/GoogleVRHMD.uplugin
LogPluginManager: Loaded Plugin IOSDeviceProfileSelector, From C:/Program Files (x86)/Epic Games/4.14/Engine/Plugins/Runtime/IOSDeviceProfileSelector/IOSDeviceProfileSelector.uplugin
LogPluginManager: Loaded Plugin LeapMotion, From C:/Program Files (x86)/Epic Games/4.14/Engine/Plugins/Runtime/LeapMotion/LeapMotion.uplugin
LogPluginManager: Loaded Plugin LinuxDeviceProfileSelector, From C:/Program Files (x86)/Epic Games/4.14/Engine/Plugins/Runtime/LinuxDeviceProfileSelector/LinuxDeviceProfileSelector.uplugin
LogPluginManager: Loaded Plugin MIDIDevice, From C:/Program Files (x86)/Epic Games/4.14/Engine/Plugins/Runtime/MIDIDevice/MIDIDevice.uplugin
LogPluginManager: Loaded Plugin MobilePatchingUtils, From C:/Program Files (x86)/Epic Games/4.14/Engine/Plugins/Runtime/MobilePatchingUtils/MobilePatchingUtils.uplugin
LogPluginManager: Loaded Plugin Ansel, From C:/Program Files (x86)/Epic Games/4.14/Engine/Plugins/Runtime/Nvidia/Ansel/Ansel.uplugin
LogPluginManager: Loaded Plugin OculusAudio, From C:/Program Files (x86)/Epic Games/4.14/Engine/Plugins/Runtime/OculusAudio/OculusAudio.uplugin
LogPluginManager: Loaded Plugin OculusInput, From C:/Program Files (x86)/Epic Games/4.14/Engine/Plugins/Runtime/OculusInput/OculusInput.uplugin
LogPluginManager: Loaded Plugin OculusLibrary, From C:/Program Files (x86)/Epic Games/4.14/Engine/Plugins/Runtime/OculusLibrary/OculusLibrary.uplugin
LogPluginManager: Loaded Plugin OculusRift, From C:/Program Files (x86)/Epic Games/4.14/Engine/Plugins/Runtime/OculusRift/OculusRift.uplugin
LogPluginManager: Loaded Plugin Oodle, From C:/Program Files (x86)/Epic Games/4.14/Engine/Plugins/Runtime/PacketHandlers/CompressionComponents/Oodle/Oodle.uplugin
LogPluginManager: Loaded Plugin ProceduralMeshComponent, From C:/Program Files (x86)/Epic Games/4.14/Engine/Plugins/Runtime/ProceduralMeshComponent/ProceduralMeshComponent.uplugin
LogPluginManager: Loaded Plugin SoundMod, From C:/Program Files (x86)/Epic Games/4.14/Engine/Plugins/Runtime/SoundMod/SoundMod.uplugin
LogPluginManager: Loaded Plugin SoundVisualizations, From C:/Program Files (x86)/Epic Games/4.14/Engine/Plugins/Runtime/SoundVisualizations/SoundVisualizations.uplugin
LogPluginManager: Loaded Plugin SteamController, From C:/Program Files (x86)/Epic Games/4.14/Engine/Plugins/Runtime/Steam/SteamController/SteamController.uplugin
LogPluginManager: Loaded Plugin SteamVR, From C:/Program Files (x86)/Epic Games/4.14/Engine/Plugins/Runtime/Steam/SteamVR/SteamVR.uplugin
LogPluginManager: Loaded Plugin WebBrowserWidget, From C:/Program Files (x86)/Epic Games/4.14/Engine/Plugins/Runtime/WebBrowserWidget/WebBrowserWidget.uplugin
LogPluginManager: Loaded Plugin WindowsDeviceProfileSelector, From C:/Program Files (x86)/Epic Games/4.14/Engine/Plugins/Runtime/WindowsDeviceProfileSelector/WindowsDeviceProfileSelector.uplugin
LogPluginManager: Loaded Plugin WindowsMoviePlayer, From C:/Program Files (x86)/Epic Games/4.14/Engine/Plugins/Runtime/WindowsMoviePlayer/WindowsMoviePlayer.uplugin
LogPluginManager: Loaded Plugin ScriptPlugin, From C:/Program Files (x86)/Epic Games/4.14/Engine/Plugins/ScriptPlugin/ScriptPlugin.uplugin
LogPluginManager: Loaded Plugin SlateRemote, From C:/Program Files (x86)/Epic Games/4.14/Engine/Plugins/Slate/SlateRemote/SlateRemote.uplugin
LogPluginManager: Loaded Plugin EditorTests, From C:/Program Files (x86)/Epic Games/4.14/Engine/Plugins/Tests/EditorTests/EditorTests.uplugin
LogPluginManager: Loaded Plugin FbxAutomationTestBuilder, From C:/Program Files (x86)/Epic Games/4.14/Engine/Plugins/Tests/FbxAutomationTestBuilder/FbxAutomationTestBuilder.uplugin
LogPluginManager: Loaded Plugin FunctionalTestingEditor, From C:/Program Files (x86)/Epic Games/4.14/Engine/Plugins/Tests/FunctionalTestingEditor/FunctionalTestingEditor.uplugin
LogPluginManager: Loaded Plugin RuntimeTests, From C:/Program Files (x86)/Epic Games/4.14/Engine/Plugins/Tests/RuntimeTests/RuntimeTests.uplugin
LogPluginManager: Loaded Plugin ScreenshotTools, From C:/Program Files (x86)/Epic Games/4.14/Engine/Plugins/Tests/ScreenshotTools/ScreenshotTools.uplugin
LogInit: Using libcurl 7.47.1
LogInit:  - built for x86_64-pc-win32
LogInit:  - supports SSL with OpenSSL/1.0.2g
LogInit:  - supports HTTP deflate (compression) using libz 1.2.8
LogInit:  - other features:
LogInit:      CURL_VERSION_SSL
LogInit:      CURL_VERSION_LIBZ
LogInit:      CURL_VERSION_IPV6
LogInit:      CURL_VERSION_ASYNCHDNS
LogInit:      CURL_VERSION_LARGEFILE
LogInit:      CURL_VERSION_IDN
LogInit:  CurlRequestOptions (configurable via config and command line):
LogInit:  - bVerifyPeer = false  - Libcurl will NOT verify peer certificate
LogInit:  - bUseHttpProxy = false  - Libcurl will NOT use HTTP proxy
LogInit:  - bDontReuseConnections = false  - Libcurl will reuse connections
LogInit:  - CertBundlePath = nullptr  - Libcurl will use whatever was configured at build time.
LogInit: Build: ++UE4+Release-4.14-CL-3224400
LogInit: Engine Version: 4.14.1-3224400+++UE4+Release-4.14
LogInit: Compatible Engine Version: 4.14.0-3195953+++UE4+Release-4.14
LogInit: Net CL: 3195953
LogDevObjectVersion: Number of dev versions registered: 13
LogDevObjectVersion:   Dev-Blueprints (B0D832E4-1F89-4F0D-ACCF-7EB736FD4AA2): 7
LogDevObjectVersion:   Dev-Build (E1C64328-A22C-4D53-A36C-8E866417BD8C): 0
LogDevObjectVersion:   Dev-Core (375EC13C-06E4-48FB-B500-84F0262A717E): 1
LogDevObjectVersion:   Dev-Editor (E4B068ED-F494-42E9-A231-DA0B2E46BB41): 8
LogDevObjectVersion:   Dev-Framework (CFFC743F-43B0-4480-9391-14DF171D2073): 17
LogDevObjectVersion:   Dev-Mobile (B02B49B5-BB20-44E9-A304-32B752E40360): 0
LogDevObjectVersion:   Dev-Networking (A4E4105C-59A1-49B5-A7C5-40C4547EDFEE): 0
LogDevObjectVersion:   Dev-Online (39C831C9-5AE6-47DC-9A44-9C173E1C8E7C): 0
LogDevObjectVersion:   Dev-Physics (78F01B33-EBEA-4F98-B9B4-84EACCB95AA2): 0
LogDevObjectVersion:   Dev-Platform (6631380F-2D4D-43E0-8009-CF276956A95A): 0
LogDevObjectVersion:   Dev-Rendering (12F88B9F-8875-4AFC-A67C-D90C383ABD29): 12
LogDevObjectVersion:   Dev-Sequencer (7B5AE74C-D270-4C10-A958-57980B212A5A): 1
LogDevObjectVersion:   Dev-VR (D7296918-1DD6-4BDD-9DE2-64A83CC13884): 0
LogInit: Compiled (64-bit): Dec  7 2016 02:14:32
LogInit: Compiled with Visual C++: 19.00.23026.00
LogInit: Build Configuration: Development
LogInit: Branch Name: ++UE4+Release-4.14
LogInit: Command line: -EpicPortal 
LogInit: Base directory: C:/Program Files (x86)/Epic Games/4.14/Engine/Binaries/Win64/
LogInit: Installed Engine Build: 1
LogInit: Presizing for max 8388607 objects, including 0 objects not considered by GC, pre-allocating 0 bytes for permanent pool.
LogInit: Object subsystem initialized
[2016.12.22-19.01.05:357][  0]LogInit: Selected Device Profile: [Windows]
[2016.12.22-19.01.05:357][  0]LogInit: Applying CVar settings loaded from the selected device profile: [Windows]
[2016.12.22-19.01.05:369][  0]LogInit: Computer: DESKTOP-9FFQSS5
[2016.12.22-19.01.05:369][  0]LogInit: User: Pat
[2016.12.22-19.01.05:369][  0]LogInit: CPU Page size=65536, Cores=4
[2016.12.22-19.01.05:369][  0]LogInit: High frequency timer resolution =3.914066 MHz
[2016.12.22-19.01.05:369][  0]LogMemory: Memory total: Physical=32.0GB (32GB approx)
[2016.12.22-19.01.05:369][  0]LogMemory: Platform Memory Stats for Windows
[2016.12.22-19.01.05:369][  0]LogMemory: Process Physical Memory: 264.17 MB used, 264.17 MB peak
[2016.12.22-19.01.05:369][  0]LogMemory: Process Virtual Memory: 262.69 MB used, 262.69 MB peak
[2016.12.22-19.01.05:369][  0]LogMemory: Physical Memory: 14360.70 MB used,  18365.99 MB free, 32726.69 MB total
[2016.12.22-19.01.05:369][  0]LogMemory: Virtual Memory: 676.40 MB used,  18365.99 MB free, 134217728.00 MB total
[2016.12.22-19.01.05:390][  0]LogTextLocalizationManager: No specific translations for ('en-US') exist, so ('en') translations will be used.
[2016.12.22-19.01.05:902][  0]LogD3D11RHI: D3D11 adapters:
[2016.12.22-19.01.05:930][  0]LogD3D11RHI:    0. 'NVIDIA GeForce GTX 1080' (Feature Level 11_0)
[2016.12.22-19.01.05:930][  0]LogD3D11RHI:       8144/0/16363 MB DedicatedVideo/DedicatedSystem/SharedSystem, Outputs:1, VendorId:0x10de
[2016.12.22-19.01.05:931][  0]LogD3D11RHI:    1. 'Microsoft Basic Render Driver' (Feature Level 11_0)
[2016.12.22-19.01.05:931][  0]LogD3D11RHI:       0/0/16363 MB DedicatedVideo/DedicatedSystem/SharedSystem, Outputs:0, VendorId:0x1414
[2016.12.22-19.01.05:931][  0]LogD3D11RHI: Chosen D3D11 Adapter: 0
[2016.12.22-19.01.05:935][  0]LogD3D11RHI: Creating new Direct3DDevice
[2016.12.22-19.01.05:935][  0]LogD3D11RHI:     GPU DeviceId: 0x1be0 (for the marketing name, search the web for "GPU Device Id")
[2016.12.22-19.01.05:935][  0]LogWindows: EnumDisplayDevices:
[2016.12.22-19.01.05:935][  0]LogWindows:    0. 'NVIDIA GeForce GTX 1080' (P:1 D:1)
[2016.12.22-19.01.05:935][  0]LogWindows:    1. 'NVIDIA GeForce GTX 1080' (P:0 D:0)
[2016.12.22-19.01.05:935][  0]LogWindows:    2. 'NVIDIA GeForce GTX 1080' (P:0 D:0)
[2016.12.22-19.01.05:935][  0]LogWindows:    3. 'NVIDIA GeForce GTX 1080' (P:0 D:0)
[2016.12.22-19.01.05:935][  0]LogWindows: DebugString: FoundDriverCount:4 
[2016.12.22-19.01.05:935][  0]LogD3D11RHI:     Adapter Name: NVIDIA GeForce GTX 1080
[2016.12.22-19.01.05:935][  0]LogD3D11RHI:   Driver Version: 376.33 (internal:21.21.13.7633, unified:376.33)
[2016.12.22-19.01.05:935][  0]LogD3D11RHI:      Driver Date: 12-11-2016
[2016.12.22-19.01.05:935][  0]LogRHI: Texture pool is 1361 MB (70% of 1945 MB)
[2016.12.22-19.01.05:947][  0]LogD3D11RHI: Async texture creation enabled
[2016.12.22-19.01.05:961][  0]LogD3D11RHI: GPU Timing Frequency: 1000.000000 (Debug: 2 2)
[2016.12.22-19.01.05:962][  0]LogShaderCompilers: Guid format shader working directory is -20 characters bigger than the processId version (../../../../../../Users/Pat/Documents/Unreal Projects/MyProject/Intermediate/Shaders/WorkingDirectory/15424/).
[2016.12.22-19.01.05:962][  0]LogShaderCompilers: Cleaned the shader compiler working directory 'C:/Users/Pat/AppData/Local/Temp/UnrealShaderWorkingDir/C2C1008D41DC34324A4D028DEB3EC534/'.
[2016.12.22-19.01.05:962][  0]LogShaderCompilers:Display: Using Local Shader Compiler.
[2016.12.22-19.01.07:167][  0]LogTemp:Display: Loaded TP AllDesktopTargetPlatform
[2016.12.22-19.01.07:206][  0]LogTemp:Display: Loaded TP MacClientTargetPlatform
[2016.12.22-19.01.07:244][  0]LogTemp:Display: Loaded TP MacNoEditorTargetPlatform
[2016.12.22-19.01.07:286][  0]LogTemp:Display: Loaded TP MacServerTargetPlatform
[2016.12.22-19.01.07:324][  0]LogTemp:Display: Loaded TP MacTargetPlatform
[2016.12.22-19.01.07:363][  0]LogTemp:Display: Loaded TP WindowsClientTargetPlatform
[2016.12.22-19.01.07:400][  0]LogTemp:Display: Loaded TP WindowsNoEditorTargetPlatform
[2016.12.22-19.01.07:438][  0]LogTemp:Display: Loaded TP WindowsServerTargetPlatform
[2016.12.22-19.01.07:469][  0]LogTemp:Display: Loaded TP WindowsTargetPlatform
[2016.12.22-19.01.07:522][  0]LogTemp:Display: Loaded TP AndroidTargetPlatform
[2016.12.22-19.01.07:559][  0]LogTemp:Display: Loaded TP Android_ASTCTargetPlatform
[2016.12.22-19.01.07:598][  0]LogTemp:Display: Loaded TP Android_ATCTargetPlatform
[2016.12.22-19.01.07:638][  0]LogTemp:Display: Loaded TP Android_DXTTargetPlatform
[2016.12.22-19.01.07:676][  0]LogTemp:Display: Loaded TP Android_ETC1TargetPlatform
[2016.12.22-19.01.07:714][  0]LogTemp:Display: Loaded TP Android_ETC2TargetPlatform
[2016.12.22-19.01.07:792][  0]LogTemp:Display: Loaded TP Android_MultiTargetPlatform
[2016.12.22-19.01.07:792][  0]LogTemp:Display: Loaded TP Android_PVRTCTargetPlatform
[2016.12.22-19.01.07:819][  0]LogTemp:Display: Loaded TP HTML5TargetPlatform
[2016.12.22-19.01.07:883][  0]LogTemp:Display: Loaded TP IOSTargetPlatform
[2016.12.22-19.01.07:908][  0]LogTemp:Display: Loaded TP TVOSTargetPlatform
[2016.12.22-19.01.07:946][  0]LogTemp:Display: Loaded TP LinuxClientTargetPlatform
[2016.12.22-19.01.07:983][  0]LogTemp:Display: Loaded TP LinuxNoEditorTargetPlatform
[2016.12.22-19.01.08:061][  0]LogTemp:Display: Loaded TP LinuxServerTargetPlatform
[2016.12.22-19.01.08:112][  0]LogTemp:Display: Loaded TP LinuxTargetPlatform
[2016.12.22-19.01.08:112][  0]LogTargetPlatformManager:Display: Building Assets For Windows
[2016.12.22-19.01.08:388][  0]LogDerivedDataCache:Display: Max Cache Size: 512 MB
[2016.12.22-19.01.08:429][  0]LogDerivedDataCache: Loaded boot cache 0.04s 64MB C:/Users/Pat/AppData/Local/UnrealEngine/4.14/DerivedDataCache/Boot.ddc.
[2016.12.22-19.01.08:429][  0]LogDerivedDataCache:Display: Loaded Boot cache: C:/Users/Pat/AppData/Local/UnrealEngine/4.14/DerivedDataCache/Boot.ddc
[2016.12.22-19.01.08:430][  0]LogDerivedDataCache: FDerivedDataBackendGraph:  Pak pak cache file ../../../../../../Users/Pat/Documents/Unreal Projects/MyProject/DerivedDataCache/DDC.ddp not found, will not use a pak cache.
[2016.12.22-19.01.08:430][  0]LogDerivedDataCache: Unable to find inner node Pak for hierarchical cache Hierarchy.
[2016.12.22-19.01.08:430][  0]LogDerivedDataCache: FDerivedDataBackendGraph:  CompressedPak pak cache file ../../../../../../Users/Pat/Documents/Unreal Projects/MyProject/DerivedDataCache/Compressed.ddp not found, will not use a pak cache.
[2016.12.22-19.01.08:430][  0]LogDerivedDataCache: Unable to find inner node CompressedPak for hierarchical cache Hierarchy.
[2016.12.22-19.01.08:442][  0]LogDerivedDataCache:Display: Pak cache opened for reading ../../../Engine/DerivedDataCache/Compressed.ddp.
[2016.12.22-19.01.08:454][  0]LogDerivedDataCache: Using Local data cache path C:/Users/Pat/AppData/Local/UnrealEngine/Common/DerivedDataCache: Writable
[2016.12.22-19.01.08:599][  0]LogInit: Selected Device Profile: [Windows]
[2016.12.22-19.01.08:602][  0]LogContentStreaming: Texture pool size is 0.00 MB
[2016.12.22-19.01.08:752][  0]LogMeshUtilities: Using QuadricMeshReduction for automatic static mesh reduction
[2016.12.22-19.01.08:782][  0]LogSimplygon: Simplygon DLL not present - disabling.
[2016.12.22-19.01.08:815][  0]LogMeshUtilities: Using SimplygonSwarm for distributed automatic mesh merging
[2016.12.22-19.01.08:815][  0]LogMeshUtilities: No automatic skeletal mesh reduction module available
[2016.12.22-19.01.08:815][  0]LogMeshUtilities: No automatic mesh merging module available
[2016.12.22-19.01.09:179][  0]LogNetVersion: GetLocalNetworkVersion: CL: 3195953, ProjectName: myproject, ProjectVersion: , EngineNetworkVersion: 2, GameNetworkVersion: 0, NetworkChecksum: 2754685603
[2016.12.22-19.01.09:227][  0]LogAssetRegistry: FAssetRegistry took 0.0210 seconds to start up
[2016.12.22-19.01.09:272][  0]LogPackageLocalizationCache: Processed 3 localized package path(s) for 2 prioritized culture(s) in 0.025299 seconds
[2016.12.22-19.01.09:276][  0]LogUObjectArray: 31946 objects as part of root set at end of initial load.
[2016.12.22-19.01.09:276][  0]LogUObjectAllocator: 6935840 out of 0 bytes used by permanent object pool.
[2016.12.22-19.01.09:276][  0]LogUObjectArray: CloseDisregardForGC: 0/0 objects in disregard for GC pool
[2016.12.22-19.01.09:319][  0]LogInit: WinSock: version 1.1 (2.2), MaxSocks=32767, MaxUdp=65467
[2016.12.22-19.01.09:819][  0]LogSlate: Using Freetype 2.6.0
[2016.12.22-19.01.09:819][  0]LogSlate: SlateFontCache - WITH_FREETYPE: 1, WITH_HARFBUZZ: 1
[2016.12.22-19.01.09:819][  0]LogSlate: SlateFontCache - WITH_FREETYPE: 1, WITH_HARFBUZZ: 1
[2016.12.22-19.01.10:368][  0]LogTcpMessaging: Initializing TcpMessaging bridge
[2016.12.22-19.01.10:398][  0]LogUdpMessaging: Initializing bridge on interface 0.0.0.0:0 to multicast group 230.0.0.1:6666.
[2016.12.22-19.01.10:712][  0]LogMaterial: Uniform references updated for custom material expression Custom.
[2016.12.22-19.01.10:976][  0]SourceControl: Info Source control is disabled
[2016.12.22-19.01.11:007][  0]SourceControl: Info Source control is disabled
[2016.12.22-19.01.11:039][  0]SourceControl: Info Source control is disabled
[2016.12.22-19.01.11:070][  0]SourceControl: Info Source control is disabled
[2016.12.22-19.01.12:061][  0]LogEngine: Initializing Engine...
[2016.12.22-19.01.12:061][  0]LogHMD: Failed to initialize OpenVR with code 110
[2016.12.22-19.01.12:241][  0]LogAIModule: Creating AISystem for world Untitled
[2016.12.22-19.01.12:247][  0]LogInit: XAudio2 using 'Speakers (Realtek High Definition Audio)' : 2 channels at 48 kHz using 32 bits per sample (channel mask 0x3)
[2016.12.22-19.01.12:257][  0]LogInit: FAudioDevice initialized.
[2016.12.22-19.01.12:277][  0]LogDerivedDataCache: Saved boot cache 0.02s 50MB C:/Users/Pat/AppData/Local/UnrealEngine/4.14/DerivedDataCache/Boot.ddc.
[2016.12.22-19.01.12:284][  0]LogInit: Texture streaming: Enabled
[2016.12.22-19.01.12:415][  0]LogInit: Transaction tracking system initialized
[2016.12.22-19.01.12:708][  0]BlueprintLog: New page: Editor Load
[2016.12.22-19.01.13:382][  0]LocalizationService: Info Localization service is disabled
[2016.12.22-19.01.13:933][  0]LogConsoleResponse:Display: 
[2016.12.22-19.01.14:032][  0]LogCook:Display: Max memory allowance for cook 16384mb min free memory 0mb
[2016.12.22-19.01.14:032][  0]LogCook:Display: Mobile HDR setting 1
[2016.12.22-19.01.14:130][  0]LogFileCache: Scanning file cache for directory 'C:/Users/Pat/Documents/Unreal Projects/MyProject/Content/' took 0.01s
[2016.12.22-19.01.14:973][  0]SourceControl: Info Source control is disabled
[2016.12.22-19.01.14:973][  0]Cmd: MAP LOAD FILE="../../../../../../Users/Pat/Documents/Unreal Projects/MyProject/Content/StarterContent/Maps/Minimal_Default.umap" TEMPLATE=0 SHOWPROGRESS=1 FEATURELEVEL=3
[2016.12.22-19.01.14:978][  0]LightingResults: New page: Lighting Build
[2016.12.22-19.01.15:009][  0]MapCheck: New page: Map Check
[2016.12.22-19.01.15:009][  0]LightingResults: New page: Lighting Build
[2016.12.22-19.01.15:313][  0]LogAIModule: Creating AISystem for world Minimal_Default
[2016.12.22-19.01.15:313][  0]LogActorComponent: RegisterComponentWithWorld: (/Game/StarterContent/Maps/Minimal_Default.Minimal_Default:PersistentLevel.WorldSettings_1.StaticMeshComponent0) Trying to register component with IsPendingKill() == true. Aborting.
[2016.12.22-19.01.15:323][  0]LogEditorServer: Finished looking for orphan Actors (0.000 secs)
[2016.12.22-19.01.15:323][  0]Cmd: MAP CHECKDEP NOCLEARLOG
[2016.12.22-19.01.15:352][  0]MapCheck: Info Map check complete: 0 Error(s), 0 Warning(s), took 28.097ms to complete.
[2016.12.22-19.01.15:352][  0]LogFileHelpers: Loading map 'Minimal_Default' took 0.378
[2016.12.22-19.01.15:417][  0]LogWindowsTextInputMethodSystem:Display: IME system now deactivated.
[2016.12.22-19.01.15:520][  0]LogCollectionManager: Loaded 0 collections in 0.001269 seconds
[2016.12.22-19.01.15:611][  0]LogFileCache: Scanning file cache for directory 'C:/Users/Pat/Documents/Unreal Projects/MyProject/Saved/Collections/' took 0.01s
[2016.12.22-19.01.15:611][  0]LogFileCache: Scanning file cache for directory 'C:/Users/Pat/Documents/Unreal Projects/MyProject/Content/Developers/Pat/Collections/' took 0.01s
[2016.12.22-19.01.15:611][  0]LogFileCache: Scanning file cache for directory 'C:/Users/Pat/Documents/Unreal Projects/MyProject/Content/Collections/' took 0.01s
[2016.12.22-19.01.15:611][  0]LogCollectionManager: Rebuilt the GUID cache for 0 collections in 0.000002 seconds
[2016.12.22-19.01.15:618][  0]LogContentBrowser: Native class hierarchy populated in 0.0067 seconds. Added 2190 classes and 428 folders.
[2016.12.22-19.01.15:646][  0]LogStats: UGameplayTagsManager::ConstructGameplayTagTree: Construct from data asset -  0.000 s
[2016.12.22-19.01.15:646][  0]LogStats: UGameplayTagsManager::ConstructGameplayTagTree: GameplayTagTreeChangedEvent.Broadcast -  0.000 s
[2016.12.22-19.01.15:647][  0]LogContentBrowser: Native class hierarchy updated for 'GameplayTags' in 0.0004 seconds. Added 13 classes and 0 folders.
[2016.12.22-19.01.15:690][  0]LogContentBrowser: Native class hierarchy updated for 'WidgetCarousel' in 0.0003 seconds. Added 0 classes and 0 folders.
[2016.12.22-19.01.15:875][  0]LogContentBrowser: Native class hierarchy updated for 'AddContentDialog' in 0.0004 seconds. Added 0 classes and 0 folders.
[2016.12.22-19.01.15:903][  0]LogContentBrowser: Native class hierarchy updated for 'SceneOutliner' in 0.0003 seconds. Added 1 classes and 2 folders.
[2016.12.22-19.01.15:930][  0]LogCrashTracker: Crashtracker disabled due to settings.
[2016.12.22-19.01.16:172][  0]LogContentBrowser: Native class hierarchy updated for 'HierarchicalLODOutliner' in 0.0005 seconds. Added 1 classes and 2 folders.
[2016.12.22-19.01.16:173][  0]LogLoad: (Engine Initialization) Total time: 12.02 seconds
[2016.12.22-19.01.16:173][  0]LogLoad: (Engine Initialization) Total Blueprint compile time: 0.07 seconds
[2016.12.22-19.01.16:173][  0]LogExternalProfiler: Found external profiler: VSPerf
[2016.12.22-19.01.16:173][  0]LogExternalProfiler: Using external profiler: VSPerf
[2016.12.22-19.01.16:190][  0]LogOcInput: OculusInput pre-init called
[2016.12.22-19.01.16:203][  0]LogAssetRegistry: Asset discovery search completed in 6.9975 seconds
[2016.12.22-19.01.16:203][  0]LogCollectionManager: Rebuilt the object cache for 0 collections in 0.000000 seconds (found 0 objects)
[2016.12.22-19.01.16:203][  0]LogCollectionManager: Fixed up redirectors for 0 collections in 0.000011 seconds (updated 0 objects)
[2016.12.22-19.01.16:206][  0]LogContentStreaming: Texture pool size now 1000 MB
[2016.12.22-19.01.16:378][  0]LogRenderer: Reallocating scene render targets to support 1616x808 NumSamples 1 (Frame:2).
[2016.12.22-19.01.32:785][893]LogEditorViewport: Clicking on Actor (LMB): BP_Sky_Sphere_C (BP_Sky_Sphere)
[2016.12.22-19.02.16:248][721]LogTexture:Display: Building textures: CameraActor_64x (BGRA8)
[2016.12.22-19.02.16:263][721]LogTexture:Display: Building textures: BlueprintInterface_64x (BGRA8)
[2016.12.22-19.02.16:273][721]LogTexture:Display: Building textures: BlueprintMacroLibrary_64x (BGRA8)
[2016.12.22-19.02.16:569][721]LogTexture:Display: Building textures: IOS (BGRA8)
[2016.12.22-19.02.16:610][721]LogTexture:Display: Building textures: android_Icon (BGRA8)
[2016.12.22-19.02.16:629][721]LogTexture:Display: Building textures: Paper2DFlipbook_TutorialIcon (BGRA8)
[2016.12.22-19.03.45:244][752]Cmd: TRANSACTION UNDO
[2016.12.22-19.03.45:244][752]LogEditorTransaction: Undo Clicking on Actors
[2016.12.22-19.09.54:277][154]LogUObjectGlobals:Warning: Failed to find object 'Object None.ContentBrowser'
[2016.12.22-19.11.03:899][119]LogFactory: FactoryCreateFile: PackFactory with PackFactory (0 0 C:/Program Files (x86)/Epic Games/4.14/FeaturePacks/TP_VirtualRealityBP.upack)
[2016.12.22-19.11.03:904][119]LogPackFactory: Finished extracting 8 files (including 0 errors).
[2016.12.22-19.11.03:911][119]LogPackFactory: Copied "../../../Templates/TP_VirtualRealityBP/Content/VirtualReality/Mannequin/Animations/MannequinHand_Right_CanGrab.uasset" to "../../../../../../Users/Pat/Documents/Unreal Projects/MyProject/Content/VirtualReality/Mannequin/Animations/MannequinHand_Right_CanGrab.uasset"
[2016.12.22-19.11.03:917][119]LogPackFactory: Copied "../../../Templates/TP_VirtualRealityBP/Content/VirtualReality/Mannequin/Animations/MannequinHand_Right_Grab.uasset" to "../../../../../../Users/Pat/Documents/Unreal Projects/MyProject/Content/VirtualReality/Mannequin/Animations/MannequinHand_Right_Grab.uasset"
[2016.12.22-19.11.03:923][119]LogPackFactory: Copied "../../../Templates/TP_VirtualRealityBP/Content/VirtualReality/Mannequin/Animations/MannequinHand_Right_Open.uasset" to "../../../../../../Users/Pat/Documents/Unreal Projects/MyProject/Content/VirtualReality/Mannequin/Animations/MannequinHand_Right_Open.uasset"
[2016.12.22-19.11.03:929][119]LogPackFactory: Copied "../../../Templates/TP_VirtualRealityBP/Content/VirtualReality/Mannequin/Animations/RightGrip_BS.uasset" to "../../../../../../Users/Pat/Documents/Unreal Projects/MyProject/Content/VirtualReality/Mannequin/Animations/RightGrip_BS.uasset"
[2016.12.22-19.11.03:941][119]LogPackFactory: Copied "../../../Templates/TP_VirtualRealityBP/Content/VirtualReality/Mannequin/Animations/RightHand_AnimBP.uasset" to "../../../../../../Users/Pat/Documents/Unreal Projects/MyProject/Content/VirtualReality/Mannequin/Animations/RightHand_AnimBP.uasset"
[2016.12.22-19.11.03:948][119]LogPackFactory: Copied "../../../Templates/TP_VirtualRealityBP/Content/VirtualReality/Mannequin/Character/Materials/M_HandMat.uasset" to "../../../../../../Users/Pat/Documents/Unreal Projects/MyProject/Content/VirtualReality/Mannequin/Character/Materials/M_HandMat.uasset"
[2016.12.22-19.11.03:955][119]LogPackFactory: Copied "../../../Templates/TP_VirtualRealityBP/Content/VirtualReality/Mannequin/Character/Mesh/MannequinHand_Right.uasset" to "../../../../../../Users/Pat/Documents/Unreal Projects/MyProject/Content/VirtualReality/Mannequin/Character/Mesh/MannequinHand_Right.uasset"
[2016.12.22-19.11.03:958][119]LogPackFactory: Copied "../../../Templates/TP_VirtualRealityBP/Content/VirtualReality/Mannequin/Character/Mesh/MannequinHand_Right_PhysicsAsset.uasset" to "../../../../../../Users/Pat/Documents/Unreal Projects/MyProject/Content/VirtualReality/Mannequin/Character/Mesh/MannequinHand_Right_PhysicsAsset.uasset"
[2016.12.22-19.11.03:962][119]LogPackFactory: Copied "../../../Templates/TP_VirtualRealityBP/Content/VirtualReality/Mannequin/Character/Mesh/MannequinHand_Right_Skeleton.uasset" to "../../../../../../Users/Pat/Documents/Unreal Projects/MyProject/Content/VirtualReality/Mannequin/Character/Mesh/MannequinHand_Right_Skeleton.uasset"
[2016.12.22-19.11.03:968][119]LogPackFactory: Copied "../../../Templates/TP_VirtualRealityBP/Content/VirtualReality/Mannequin/Character/Textures/UE4_Mannequin_MAT_MASKA.uasset" to "../../../../../../Users/Pat/Documents/Unreal Projects/MyProject/Content/VirtualReality/Mannequin/Character/Textures/UE4_Mannequin_MAT_MASKA.uasset"
[2016.12.22-19.11.03:979][119]LogPackFactory: Copied "../../../Templates/TP_VirtualRealityBP/Content/VirtualReality/Mannequin/Character/Textures/UE4_Mannequin__normals.uasset" to "../../../../../../Users/Pat/Documents/Unreal Projects/MyProject/Content/VirtualReality/Mannequin/Character/Textures/UE4_Mannequin__normals.uasset"
[2016.12.22-19.11.03:985][119]LogPackFactory: Copied "../../../Templates/TP_VirtualRealityBP/Content/VirtualReality/Materials/MF_OccludedPixels.uasset" to "../../../../../../Users/Pat/Documents/Unreal Projects/MyProject/Content/VirtualReality/Materials/MF_OccludedPixels.uasset"
[2016.12.22-19.11.03:991][119]LogPackFactory: Copied "../../../Templates/TP_VirtualRealityBP/Content/VirtualReality/Materials/MI_ChaperoneOutline.uasset" to "../../../../../../Users/Pat/Documents/Unreal Projects/MyProject/Content/VirtualReality/Materials/MI_ChaperoneOutline.uasset"
[2016.12.22-19.11.03:996][119]LogPackFactory: Copied "../../../Templates/TP_VirtualRealityBP/Content/VirtualReality/Materials/MI_SmallCubes.uasset" to "../../../../../../Users/Pat/Documents/Unreal Projects/MyProject/Content/VirtualReality/Materials/MI_SmallCubes.uasset"
[2016.12.22-19.11.04:002][119]LogPackFactory: Copied "../../../Templates/TP_VirtualRealityBP/Content/VirtualReality/Materials/MI_TeleportCylinderPreview.uasset" to "../../../../../../Users/Pat/Documents/Unreal Projects/MyProject/Content/VirtualReality/Materials/MI_TeleportCylinderPreview.uasset"
[2016.12.22-19.11.04:008][119]LogPackFactory: Copied "../../../Templates/TP_VirtualRealityBP/Content/VirtualReality/Materials/M_ArcEndpoint.uasset" to "../../../../../../Users/Pat/Documents/Unreal Projects/MyProject/Content/VirtualReality/Materials/M_ArcEndpoint.uasset"
[2016.12.22-19.11.04:014][119]LogPackFactory: Copied "../../../Templates/TP_VirtualRealityBP/Content/VirtualReality/Materials/M_BaseMaterial.uasset" to "../../../../../../Users/Pat/Documents/Unreal Projects/MyProject/Content/VirtualReality/Materials/M_BaseMaterial.uasset"
[2016.12.22-19.11.04:020][119]LogPackFactory: Copied "../../../Templates/TP_VirtualRealityBP/Content/VirtualReality/Materials/M_SplineArcMat.uasset" to "../../../../../../Users/Pat/Documents/Unreal Projects/MyProject/Content/VirtualReality/Materials/M_SplineArcMat.uasset"
[2016.12.22-19.11.04:026][119]LogPackFactory: Copied "../../../Templates/TP_VirtualRealityBP/Content/VirtualReality/Materials/M_TeleportPreviews.uasset" to "../../../../../../Users/Pat/Documents/Unreal Projects/MyProject/Content/VirtualReality/Materials/M_TeleportPreviews.uasset"
[2016.12.22-19.11.04:029][119]LogPackFactory: Copied "../../../Templates/TP_VirtualRealityBP/Content/VirtualReality/Materials/TeleportMCP.uasset" to "../../../../../../Users/Pat/Documents/Unreal Projects/MyProject/Content/VirtualReality/Materials/TeleportMCP.uasset"
[2016.12.22-19.11.04:035][119]LogPackFactory: Copied "../../../Templates/TP_VirtualRealityBP/Content/VirtualReality/Meshes/1x1_cube.uasset" to "../../../../../../Users/Pat/Documents/Unreal Projects/MyProject/Content/VirtualReality/Meshes/1x1_cube.uasset"
[2016.12.22-19.11.04:041][119]LogPackFactory: Copied "../../../Templates/TP_VirtualRealityBP/Content/VirtualReality/Meshes/BeaconDirection.uasset" to "../../../../../../Users/Pat/Documents/Unreal Projects/MyProject/Content/VirtualReality/Meshes/BeaconDirection.uasset"
[2016.12.22-19.11.04:046][119]LogPackFactory: Copied "../../../Templates/TP_VirtualRealityBP/Content/VirtualReality/Meshes/BeamMesh.uasset" to "../../../../../../Users/Pat/Documents/Unreal Projects/MyProject/Content/VirtualReality/Meshes/BeamMesh.uasset"
[2016.12.22-19.11.04:052][119]LogPackFactory: Copied "../../../Templates/TP_VirtualRealityBP/Content/VirtualReality/Meshes/SM_FatCylinder.uasset" to "../../../../../../Users/Pat/Documents/Unreal Projects/MyProject/Content/VirtualReality/Meshes/SM_FatCylinder.uasset"
[2016.12.22-19.11.04:058][119]LogPackFactory: Copied "../../../Templates/TP_VirtualRealityBP/Content/VirtualRealityBP/Blueprints/BP_MotionController.uasset" to "../../../../../../Users/Pat/Documents/Unreal Projects/MyProject/Content/VirtualRealityBP/Blueprints/BP_MotionController.uasset"
[2016.12.22-19.11.04:064][119]LogPackFactory: Copied "../../../Templates/TP_VirtualRealityBP/Content/VirtualRealityBP/Blueprints/BP_PickupCube.uasset" to "../../../../../../Users/Pat/Documents/Unreal Projects/MyProject/Content/VirtualRealityBP/Blueprints/BP_PickupCube.uasset"
[2016.12.22-19.11.04:067][119]LogPackFactory: Copied "../../../Templates/TP_VirtualRealityBP/Content/VirtualRealityBP/Blueprints/GripEnum.uasset" to "../../../../../../Users/Pat/Documents/Unreal Projects/MyProject/Content/VirtualRealityBP/Blueprints/GripEnum.uasset"
[2016.12.22-19.11.04:074][119]LogPackFactory: Copied "../../../Templates/TP_VirtualRealityBP/Content/VirtualRealityBP/Blueprints/HMDLocomotionPawn.uasset" to "../../../../../../Users/Pat/Documents/Unreal Projects/MyProject/Content/VirtualRealityBP/Blueprints/HMDLocomotionPawn.uasset"
[2016.12.22-19.11.04:081][119]LogPackFactory: Copied "../../../Templates/TP_VirtualRealityBP/Content/VirtualRealityBP/Blueprints/MotionControllerPawn.uasset" to "../../../../../../Users/Pat/Documents/Unreal Projects/MyProject/Content/VirtualRealityBP/Blueprints/MotionControllerPawn.uasset"
[2016.12.22-19.11.04:088][119]LogPackFactory: Copied "../../../Templates/TP_VirtualRealityBP/Content/VirtualRealityBP/Blueprints/PickupActorInterface.uasset" to "../../../../../../Users/Pat/Documents/Unreal Projects/MyProject/Content/VirtualRealityBP/Blueprints/PickupActorInterface.uasset"
[2016.12.22-19.11.04:092][119]LogPackFactory: Copied "../../../Templates/TP_VirtualRealityBP/Content/VirtualRealityBP/Blueprints/VirtualRealityPawn.uasset" to "../../../../../../Users/Pat/Documents/Unreal Projects/MyProject/Content/VirtualRealityBP/Blueprints/VirtualRealityPawn.uasset"
[2016.12.22-19.11.04:100][119]LogPackFactory: Copied "../../../Templates/TP_VirtualRealityBP/Content/VirtualRealityBP/Maps/HMDLocomotionMap.umap" to "../../../../../../Users/Pat/Documents/Unreal Projects/MyProject/Content/VirtualRealityBP/Maps/HMDLocomotionMap.umap"
[2016.12.22-19.11.04:111][119]LogPackFactory: Copied "../../../Templates/TP_VirtualRealityBP/Content/VirtualRealityBP/Maps/HMDLocomotionMap_BuiltData.uasset" to "../../../../../../Users/Pat/Documents/Unreal Projects/MyProject/Content/VirtualRealityBP/Maps/HMDLocomotionMap_BuiltData.uasset"
[2016.12.22-19.11.04:119][119]LogPackFactory: Copied "../../../Templates/TP_VirtualRealityBP/Content/VirtualRealityBP/Maps/MotionControllerMap.umap" to "../../../../../../Users/Pat/Documents/Unreal Projects/MyProject/Content/VirtualRealityBP/Maps/MotionControllerMap.umap"
[2016.12.22-19.11.04:130][119]LogPackFactory: Copied "../../../Templates/TP_VirtualRealityBP/Content/VirtualRealityBP/Maps/MotionControllerMap_BuiltData.uasset" to "../../../../../../Users/Pat/Documents/Unreal Projects/MyProject/Content/VirtualRealityBP/Maps/MotionControllerMap_BuiltData.uasset"
[2016.12.22-19.11.04:136][119]LogPackFactory: Copied "../../../Templates/TP_VirtualRealityBP/Content/VirtualRealityBP/Maps/StartupMap.umap" to "../../../../../../Users/Pat/Documents/Unreal Projects/MyProject/Content/VirtualRealityBP/Maps/StartupMap.umap"
[2016.12.22-19.11.04:142][119]LogPackFactory: Copied "../../../Templates/TP_VirtualRealityBP/Content/VirtualRealityBP/Maps/StartupMap_BuiltData.uasset" to "../../../../../../Users/Pat/Documents/Unreal Projects/MyProject/Content/VirtualRealityBP/Maps/StartupMap_BuiltData.uasset"
[2016.12.22-19.11.04:314][119]LogTexture:Display: Building textures: UE4_Mannequin__normals (BC5)
[2016.12.22-19.11.04:600][119]LogTexture:Display: Building textures: UE4_Mannequin_MAT_MASKA (AutoDXT)
[2016.12.22-19.11.04:659][119]LogMaterial: Missing cached shader map for material M_HandMat, compiling. 
[2016.12.22-19.11.04:745][119]LogSavePackage: Save=10.20ms
[2016.12.22-19.11.04:745][119]LogSavePackage: Moving '../../../../../../Users/Pat/Documents/Unreal Projects/MyProject/Saved/MannequinHand_Right_CanGrabB330E5124D57B3ADAB0AEB8ABE83ED44.tmp' to '../../../../../../Users/Pat/Documents/Unreal Projects/MyProject/Content/VirtualReality/Mannequin/Animations/MannequinHand_Right_CanGrab.uasset'
[2016.12.22-19.11.04:749][119]LogSavePackage:Display: Finished SavePackage ../../../../../../Users/Pat/Documents/Unreal Projects/MyProject/Content/VirtualReality/Mannequin/Animations/MannequinHand_Right_CanGrab.uasset
[2016.12.22-19.11.04:752][119]LogLinker:Warning: Can't find file '/Game/VirtualRealityBP/VirtualReality'
[2016.12.22-19.11.04:753][119]LogLinker:Warning: Can't find file '/Game/VirtualRealityBP/VirtualReality'
[2016.12.22-19.11.04:753][119]LogUObjectGlobals:Warning: Failed to find object 'Object /Game/VirtualRealityBP/VirtualReality.VirtualReality'
[2016.12.22-19.14.00:947][707]LogWindows: LaunchURL https://docs.unrealengine.com/latest/INT/Engine/Content/Browser/UserGuide/WorkingWithSources/?utm_source=editor&utm_medium=search&utm_campaign=user_initiated
[2016.12.22-20.25.10:407][367]Cmd: QUIT_EDITOR
[2016.12.22-20.25.10:455][367]LogWindowsTextInputMethodSystem:Display: IME system now deactivated.
[2016.12.22-20.25.10:501][367]LogExit: Preparing to exit.
[2016.12.22-20.25.11:350][367]LogDirectoryWatcher: A directory notification for 'C:/Users/Pat/Documents/Unreal Projects/MyProject/Content/' was aborted.
[2016.12.22-20.25.11:372][367]LogExit: Editor shut down
[2016.12.22-20.25.11:372][367]LogExit: Transaction tracking system shut down
[2016.12.22-20.25.11:421][367]LogObj: Freed 0b from 0 cluster array pools.
[2016.12.22-20.25.11:421][367]LogExit: Object subsystem successfully closed.
[2016.12.22-20.25.11:435][367]LogD3D11RHI: Shutdown
[2016.12.22-20.25.11:435][367]LogD3D11RHI: CleanupD3DDevice
[2016.12.22-20.25.11:515][367]LogD3D11RHI: ~FD3D11DynamicRHI
[2016.12.22-20.25.11:524][367]LogHttp:Display: Http module shutting down, but needs to wait on 1 outstanding Http requests:
[2016.12.22-20.25.11:525][367]LogHttp:Display: 	verb=[POST] url=[https://datarouter.ol.epicgames.com/datarouter/api/v1/public/data?SessionID=%7B58DF2CBC-4608-3950-E5EF-22AA4DB6886D%7D&AppID=UEEditor.Rocket.Release&AppVersion=4.14.1-3224400%2B%2B%2BUE4%2BRelease-4.14&UserID=51c26d8040055413dc8e0ca546c3c45e%7C4b376d92ca2b40b1a425217311e647a1%7C11f4b00b-6679-4c43-8001-e9340cd8b268&AppEnvironment=datacollector-binary&UploadType=eteventstream] status=Processing
[2016.12.22-20.25.11:549][367]LogModuleManager: Shutting down and abandoning module HierarchicalLODOutliner (241)
[2016.12.22-20.25.11:549][367]LogModuleManager: Shutting down and abandoning module CrashTracker (240)
[2016.12.22-20.25.11:549][367]LogModuleManager: Shutting down and abandoning module SceneOutliner (239)
[2016.12.22-20.25.11:549][367]LogModuleManager: Shutting down and abandoning module WidgetCarousel (238)
[2016.12.22-20.25.11:549][367]LogModuleManager: Shutting down and abandoning module AddContentDialog (237)
[2016.12.22-20.25.11:549][367]LogDirectoryWatcher: A directory notification for 'C:/Program Files (x86)/Epic Games/4.14/FeaturePacks/' was aborted.
[2016.12.22-20.25.11:550][367]LogModuleManager: Shutting down and abandoning module GameplayTags (236)
[2016.12.22-20.25.11:550][367]LogModuleManager: Shutting down and abandoning module EditorWidgets (235)
[2016.12.22-20.25.11:550][367]LogModuleManager: Shutting down and abandoning module CollectionManager (234)
[2016.12.22-20.25.11:550][367]LogDirectoryWatcher: A directory notification for 'C:/Users/Pat/Documents/Unreal Projects/MyProject/Content/Collections/' was aborted.
[2016.12.22-20.25.11:550][367]LogDirectoryWatcher: A directory notification for 'C:/Users/Pat/Documents/Unreal Projects/MyProject/Content/Developers/Pat/Collections/' was aborted.
[2016.12.22-20.25.11:550][367]LogDirectoryWatcher: A directory notification for 'C:/Users/Pat/Documents/Unreal Projects/MyProject/Saved/Collections/' was aborted.
[2016.12.22-20.25.11:550][367]LogModuleManager: Shutting down and abandoning module StatsViewer (233)
[2016.12.22-20.25.11:550][367]LogModuleManager: Shutting down and abandoning module FoliageEdit (232)
[2016.12.22-20.25.11:550][367]LogModuleManager: Shutting down and abandoning module LandscapeEditor (231)
[2016.12.22-20.25.11:550][367]LogModuleManager: Shutting down and abandoning module SceneDepthPickerMode (230)
[2016.12.22-20.25.11:550][367]LogModuleManager: Shutting down and abandoning module ActorPickerMode (229)
[2016.12.22-20.25.11:550][367]LogModuleManager: Shutting down and abandoning module GeometryMode (228)
[2016.12.22-20.25.11:550][367]LogModuleManager: Shutting down and abandoning module TextureAlignMode (227)
[2016.12.22-20.25.11:550][367]LogModuleManager: Shutting down and abandoning module BspMode (226)
[2016.12.22-20.25.11:550][367]LogModuleManager: Shutting down and abandoning module HardwareSurvey (225)
[2016.12.22-20.25.11:550][367]LogModuleManager: Shutting down and abandoning module SequenceRecorderSections (224)
[2016.12.22-20.25.11:550][367]LogModuleManager: Shutting down and abandoning module AutomationWorker (223)
[2016.12.22-20.25.11:550][367]LogModuleManager: Shutting down and abandoning module MatineeToLevelSequence (222)
[2016.12.22-20.25.11:550][367]LogModuleManager: Shutting down and abandoning module PlacementMode (221)
[2016.12.22-20.25.11:550][367]LogModuleManager: Shutting down and abandoning module LevelSequenceEditor (220)
[2016.12.22-20.25.11:550][367]LogModuleManager: Shutting down and abandoning module WmfMediaFactory (219)
[2016.12.22-20.25.11:550][367]LogModuleManager: Shutting down and abandoning module WmfMediaEditor (218)
[2016.12.22-20.25.11:550][367]LogModuleManager: Shutting down and abandoning module AvfMediaFactory (217)
[2016.12.22-20.25.11:550][367]LogModuleManager: Shutting down and abandoning module AvfMediaEditor (216)
[2016.12.22-20.25.11:550][367]LogModuleManager: Shutting down and abandoning module Media (215)
[2016.12.22-20.25.11:550][367]LogModuleManager: Shutting down and abandoning module AndroidMediaFactory (214)
[2016.12.22-20.25.11:550][367]LogModuleManager: Shutting down and abandoning module AndroidMediaEditor (213)
[2016.12.22-20.25.11:550][367]LogModuleManager: Shutting down and abandoning module CharacterAI (212)
[2016.12.22-20.25.11:550][367]LogModuleManager: Shutting down and abandoning module SequenceRecorder (211)
[2016.12.22-20.25.11:550][367]LogModuleManager: Shutting down and abandoning module AudioCapture (210)
[2016.12.22-20.25.11:550][367]LogModuleManager: Shutting down and abandoning module SmartSnapping (209)
[2016.12.22-20.25.11:550][367]LogModuleManager: Shutting down and abandoning module SessionServices (208)
[2016.12.22-20.25.11:550][367]LogModuleManager: Shutting down and abandoning module ViewportSnapping (207)
[2016.12.22-20.25.11:550][367]LogModuleManager: Shutting down and abandoning module ViewportInteraction (206)
[2016.12.22-20.25.11:550][367]LogModuleManager: Shutting down and abandoning module LogVisualizer (205)
[2016.12.22-20.25.11:551][367]LogModuleManager: Shutting down and abandoning module GameProjectGeneration (204)
[2016.12.22-20.25.11:551][367]LogModuleManager: Shutting down and abandoning module IntroTutorials (203)
[2016.12.22-20.25.11:551][367]LogModuleManager: Shutting down and abandoning module EditorLiveStreaming (202)
[2016.12.22-20.25.11:551][367]LogModuleManager: Shutting down and abandoning module IOSPlatformEditor (201)
[2016.12.22-20.25.11:551][367]LogModuleManager: Shutting down and abandoning module HTML5PlatformEditor (200)
[2016.12.22-20.25.11:551][367]LogModuleManager: Shutting down and abandoning module AndroidDeviceDetection (199)
[2016.12.22-20.25.11:668][367]LogModuleManager: Shutting down and abandoning module AndroidPlatformEditor (198)
[2016.12.22-20.25.11:668][367]LogModuleManager: Shutting down and abandoning module IOSRuntimeSettings (197)
[2016.12.22-20.25.11:668][367]LogModuleManager: Shutting down and abandoning module AndroidRuntimeSettings (196)
[2016.12.22-20.25.11:668][367]LogModuleManager: Shutting down and abandoning module InputBindingEditor (195)
[2016.12.22-20.25.11:668][367]LogModuleManager: Shutting down and abandoning module NiagaraEditor (194)
[2016.12.22-20.25.11:668][367]LogModuleManager: Shutting down and abandoning module MergeActors (193)
[2016.12.22-20.25.11:668][367]LogModuleManager: Shutting down and abandoning module SizeMap (192)
[2016.12.22-20.25.11:668][367]LogModuleManager: Shutting down and abandoning module TreeMap (191)
[2016.12.22-20.25.11:668][367]LogModuleManager: Shutting down and abandoning module ReferenceViewer (190)
[2016.12.22-20.25.11:668][367]LogModuleManager: Shutting down and abandoning module LocalizationService (189)
[2016.12.22-20.25.11:668][367]LogModuleManager: Shutting down and abandoning module LocalizationDashboard (188)
[2016.12.22-20.25.11:668][367]LogModuleManager: Shutting down and abandoning module HardwareTargeting (187)
[2016.12.22-20.25.11:668][367]LogModuleManager: Shutting down and abandoning module DeviceProfileEditor (186)
[2016.12.22-20.25.11:668][367]LogModuleManager: Shutting down and abandoning module UndoHistory (185)
[2016.12.22-20.25.11:668][367]LogModuleManager: Shutting down and abandoning module UserFeedback (184)
[2016.12.22-20.25.11:668][367]LogModuleManager: Shutting down and abandoning module XmlParser (183)
[2016.12.22-20.25.11:668][367]LogModuleManager: Shutting down and abandoning module Blutility (182)
[2016.12.22-20.25.11:668][367]LogModuleManager: Shutting down and abandoning module ProjectTargetPlatformEditor (181)
[2016.12.22-20.25.11:668][367]LogModuleManager: Shutting down and abandoning module ProjectSettingsViewer (180)
[2016.12.22-20.25.11:668][367]LogModuleManager: Shutting down and abandoning module EditorSettingsViewer (179)
[2016.12.22-20.25.11:668][367]LogModuleManager: Shutting down and abandoning module SettingsEditor (178)
[2016.12.22-20.25.11:668][367]LogModuleManager: Shutting down and abandoning module ProjectLauncher (177)
[2016.12.22-20.25.11:668][367]LogModuleManager: Shutting down and abandoning module SessionFrontend (176)
[2016.12.22-20.25.11:668][367]LogModuleManager: Shutting down and abandoning module ProfilerClient (175)
[2016.12.22-20.25.11:669][367]LogModuleManager: Shutting down and abandoning module TargetDeviceServices (174)
[2016.12.22-20.25.11:669][367]LogModuleManager: Shutting down and abandoning module DeviceManager (173)
[2016.12.22-20.25.11:710][367]LogModuleManager: Shutting down and abandoning module AutomationController (172)
[2016.12.22-20.25.11:710][367]LogModuleManager: Shutting down and abandoning module AutomationWindow (171)
[2016.12.22-20.25.11:710][367]LogModuleManager: Shutting down and abandoning module Layers (170)
[2016.12.22-20.25.11:710][367]LogModuleManager: Shutting down and abandoning module ComponentVisualizers (169)
[2016.12.22-20.25.11:710][367]LogModuleManager: Shutting down and abandoning module DetailCustomizations (168)
[2016.12.22-20.25.11:710][367]LogModuleManager: Shutting down and abandoning module PackagesDialog (167)
[2016.12.22-20.25.11:710][367]LogModuleManager: Shutting down and abandoning module AnimGraph (166)
[2016.12.22-20.25.11:710][367]LogModuleManager: Shutting down and abandoning module Persona (165)
[2016.12.22-20.25.11:710][367]LogModuleManager: Shutting down and abandoning module Kismet (164)
[2016.12.22-20.25.11:711][367]LogModuleManager: Shutting down and abandoning module GraphEditor (163)
[2016.12.22-20.25.11:711][367]LogModuleManager: Shutting down and abandoning module ClassViewer (162)
[2016.12.22-20.25.11:711][367]LogModuleManager: Shutting down and abandoning module Toolbox (161)
[2016.12.22-20.25.11:711][367]LogModuleManager: Shutting down and abandoning module ModuleUI (160)
[2016.12.22-20.25.11:711][367]LogModuleManager: Shutting down and abandoning module MovieSceneTools (159)
[2016.12.22-20.25.11:711][367]LogModuleManager: Shutting down and abandoning module OutputLog (158)
[2016.12.22-20.25.11:711][367]LogModuleManager: Shutting down and abandoning module GammaUI (157)
[2016.12.22-20.25.11:711][367]LogModuleManager: Shutting down and abandoning module Documentation (156)
[2016.12.22-20.25.11:711][367]LogModuleManager: Shutting down and abandoning module Niagara (155)
[2016.12.22-20.25.11:711][367]LogModuleManager: Shutting down and abandoning module StreamingPauseRendering (154)
[2016.12.22-20.25.11:711][367]LogModuleManager: Shutting down and abandoning module AnalyticsET (153)
[2016.12.22-20.25.11:711][367]LogModuleManager: Shutting down and abandoning module PortalServices (152)
[2016.12.22-20.25.11:711][367]LogModuleManager: Shutting down and abandoning module PortalRpc (151)
[2016.12.22-20.25.11:711][367]LogModuleManager: Shutting down and abandoning module MessagingRpc (150)
[2016.12.22-20.25.11:711][367]LogModuleManager: Shutting down and abandoning module GameplayDebugger (149)
[2016.12.22-20.25.11:711][367]LogModuleManager: Shutting down and abandoning module AITestSuite (148)
[2016.12.22-20.25.11:711][367]LogModuleManager: Shutting down and abandoning module AIModule (147)
[2016.12.22-20.25.11:712][367]LogModuleManager: Shutting down and abandoning module ProfilerService (146)
[2016.12.22-20.25.11:714][367]LogModuleManager: Shutting down and abandoning module TaskGraph (145)
[2016.12.22-20.25.11:714][367]LogModuleManager: Shutting down and abandoning module SlateRemote (144)
[2016.12.22-20.25.11:714][367]LogModuleManager: Shutting down and abandoning module SteamVRController (143)
[2016.12.22-20.25.11:714][367]LogModuleManager: Shutting down and abandoning module SteamVR (142)
[2016.12.22-20.25.11:714][367]LogModuleManager: Shutting down and abandoning module ProceduralMeshComponentEditor (141)
[2016.12.22-20.25.11:714][367]LogModuleManager: Shutting down and abandoning module ProceduralMeshComponent (140)
[2016.12.22-20.25.11:714][367]LogModuleManager: Shutting down and abandoning module OculusLibrary (139)
[2016.12.22-20.25.11:714][367]LogModuleManager: Shutting down and abandoning module OculusInput (138)
[2016.12.22-20.25.11:714][367]LogModuleManager: Shutting down and abandoning module MobilePatchingUtils (137)
[2016.12.22-20.25.11:714][367]LogModuleManager: Shutting down and abandoning module CustomMeshComponent (136)
[2016.12.22-20.25.11:714][367]LogModuleManager: Shutting down and abandoning module CableComponent (135)
[2016.12.22-20.25.11:714][367]LogModuleManager: Shutting down and abandoning module ArchVisCharacter (134)
[2016.12.22-20.25.11:714][367]LogModuleManager: Shutting down and abandoning module MediaPlayerEditor (132)
[2016.12.22-20.25.11:714][367]LogModuleManager: Shutting down and abandoning module HTML5Networking (131)
[2016.12.22-20.25.11:714][367]LogModuleManager: Shutting down and abandoning module GeometryCacheEd (130)
[2016.12.22-20.25.11:714][367]LogModuleManager: Shutting down and abandoning module GeometryCache (129)
[2016.12.22-20.25.11:714][367]LogModuleManager: Shutting down and abandoning module AlembicLibrary (128)
[2016.12.22-20.25.11:714][367]LogModuleManager: Shutting down and abandoning module AlembicImporter (127)
[2016.12.22-20.25.11:714][367]LogModuleManager: Shutting down and abandoning module SuperSearch (126)
[2016.12.22-20.25.11:714][367]LogModuleManager: Shutting down and abandoning module SuperSearchEditor (125)
[2016.12.22-20.25.11:714][367]LogModuleManager: Shutting down and abandoning module SpeedTreeImporter (124)
[2016.12.22-20.25.11:714][367]LogModuleManager: Shutting down and abandoning module PluginBrowser (123)
[2016.12.22-20.25.11:714][367]LogModuleManager: Shutting down and abandoning module MobileLauncherProfileWizard (122)
[2016.12.22-20.25.11:714][367]LogModuleManager: Shutting down and abandoning module EpicSurvey (121)
[2016.12.22-20.25.11:714][367]LogModuleManager: Shutting down and abandoning module DesktopPlatform (120)
[2016.12.22-20.25.11:714][367]LogModuleManager: Shutting down and abandoning module VisualStudioSourceCodeAccess (119)
[2016.12.22-20.25.11:714][367]LogModuleManager: Shutting down and abandoning module UObjectPlugin (118)
[2016.12.22-20.25.11:714][367]LogModuleManager: Shutting down and abandoning module SubversionSourceControl (117)
[2016.12.22-20.25.11:714][367]LogModuleManager: Shutting down and abandoning module PerforceSourceControl (116)
[2016.12.22-20.25.11:715][367]LogModuleManager: Shutting down and abandoning module SourceControl (115)
[2016.12.22-20.25.11:715][367]LogModuleManager: Shutting down and abandoning module GitSourceControl (114)
[2016.12.22-20.25.11:715][367]LogModuleManager: Shutting down and abandoning module LightPropagationVolumeEditor (113)
[2016.12.22-20.25.11:715][367]LogModuleManager: Shutting down and abandoning module PaperTiledImporter (112)
[2016.12.22-20.25.11:715][367]LogModuleManager: Shutting down and abandoning module PaperSpriteSheetImporter (111)
[2016.12.22-20.25.11:715][367]LogModuleManager: Shutting down and abandoning module MeshPaint (110)
[2016.12.22-20.25.11:715][367]LogModuleManager: Shutting down and abandoning module PixelInspectorModule (109)
[2016.12.22-20.25.11:715][367]LogModuleManager: Shutting down and abandoning module HotReload (108)
[2016.12.22-20.25.11:715][367]LogModuleManager: Shutting down and abandoning module MainFrame (107)
[2016.12.22-20.25.11:716][367]LogModuleManager: Shutting down and abandoning module LevelEditor (106)
[2016.12.22-20.25.11:717][367]LogModuleManager: Shutting down and abandoning module ContentBrowser (105)
[2016.12.22-20.25.11:718][367]LogModuleManager: Shutting down and abandoning module Paper2DEditor (104)
[2016.12.22-20.25.11:718][367]LogModuleManager: Shutting down and abandoning module UdpMessaging (103)
[2016.12.22-20.25.11:819][367]LogModuleManager: Shutting down and abandoning module TcpMessaging (102)
[2016.12.22-20.25.11:919][367]LogModuleManager: Shutting down and abandoning module LightPropagationVolumeRuntime (101)
[2016.12.22-20.25.11:919][367]LogModuleManager: Shutting down and abandoning module Paper2D (100)
[2016.12.22-20.25.11:919][367]LogModuleManager: Shutting down and abandoning module WindowsMoviePlayer (99)
[2016.12.22-20.25.11:919][367]LogModuleManager: Shutting down and abandoning module WmfMedia (98)
[2016.12.22-20.25.11:920][367]LogModuleManager: Shutting down and abandoning module MediaAssets (97)
[2016.12.22-20.25.11:920][367]LogModuleManager: Shutting down and abandoning module GameLiveStreaming (96)
[2016.12.22-20.25.11:920][367]LogModuleManager: Shutting down and abandoning module GameplayTagsEditor (95)
[2016.12.22-20.25.11:920][367]LogModuleManager: Shutting down and abandoning module VREditor (94)
[2016.12.22-20.25.11:920][367]LogModuleManager: Shutting down and abandoning module GameplayTasksEditor (93)
[2016.12.22-20.25.11:920][367]LogModuleManager: Shutting down and abandoning module BehaviorTreeEditor (92)
[2016.12.22-20.25.11:920][367]LogModuleManager: Shutting down and abandoning module FunctionalTesting (91)
[2016.12.22-20.25.11:920][367]LogModuleManager: Shutting down and abandoning module CollisionAnalyzer (90)
[2016.12.22-20.25.11:920][367]LogModuleManager: Shutting down and abandoning module Sequencer (89)
[2016.12.22-20.25.11:920][367]LogModuleManager: Shutting down and abandoning module WorkspaceMenuStructure (88)
[2016.12.22-20.25.11:920][367]LogModuleManager: Shutting down and abandoning module MessageLog (87)
[2016.12.22-20.25.11:920][367]LogModuleManager: Shutting down and abandoning module AssetTools (86)
[2016.12.22-20.25.11:920][367]LogModuleManager: Shutting down and abandoning module UMGEditor (85)
[2016.12.22-20.25.11:921][367]LogModuleManager: Shutting down and abandoning module UMG (84)
[2016.12.22-20.25.11:921][367]LogModuleManager: Shutting down and abandoning module SlateReflector (83)
[2016.12.22-20.25.11:921][367]LogModuleManager: Shutting down and abandoning module Slate (82)
[2016.12.22-20.25.11:921][367]LogModuleManager: Shutting down and abandoning module EditorStyle (81)
[2016.12.22-20.25.11:926][367]LogModuleManager: Shutting down and abandoning module SourceCodeAccess (80)
[2016.12.22-20.25.11:926][367]LogModuleManager: Shutting down and abandoning module HeadMountedDisplay (79)
[2016.12.22-20.25.11:926][367]LogModuleManager: Shutting down and abandoning module XAudio2 (78)
[2016.12.22-20.25.11:926][367]LogModuleManager: Shutting down and abandoning module Networking (76)
[2016.12.22-20.25.11:926][367]LogModuleManager: Shutting down and abandoning module Core (75)
[2016.12.22-20.25.11:926][367]LogModuleManager: Shutting down and abandoning module DirectoryWatcher (74)
[2016.12.22-20.25.11:926][367]LogDirectoryWatcher: A directory notification for '../../../Engine/Content/' was aborted.
[2016.12.22-20.25.11:926][367]LogDirectoryWatcher: A directory notification for '../../../../../../Users/Pat/Documents/Unreal Projects/MyProject/Content/' was aborted.
[2016.12.22-20.25.11:926][367]LogDirectoryWatcher: A directory notification for '../../../Engine/Plugins/2D/Paper2D/Content/' was aborted.
[2016.12.22-20.25.11:927][367]LogModuleManager: Shutting down and abandoning module AssetRegistry (73)
[2016.12.22-20.25.12:100][367]LogModuleManager: Shutting down and abandoning module KismetCompiler (72)
[2016.12.22-20.25.12:100][367]LogModuleManager: Shutting down and abandoning module PhysXFormats (71)
[2016.12.22-20.25.12:100][367]LogModuleManager: Shutting down and abandoning module SimplygonSwarm (70)
[2016.12.22-20.25.12:100][367]LogModuleManager: Shutting down and abandoning module SimplygonMeshReduction (69)
[2016.12.22-20.25.12:100][367]LogModuleManager: Shutting down and abandoning module QuadricMeshReduction (68)
[2016.12.22-20.25.12:100][367]LogModuleManager: Shutting down and abandoning module PropertyEditor (67)
[2016.12.22-20.25.12:100][367]LogModuleManager: Shutting down and abandoning module MeshUtilities (66)
[2016.12.22-20.25.12:100][367]LogModuleManager: Shutting down and abandoning module DerivedDataCache (65)
[2016.12.22-20.25.12:201][367]LogDerivedDataCache: Shutdown
[2016.12.22-20.25.12:201][367]LogModuleManager: Shutting down and abandoning module VulkanShaderFormat (64)
[2016.12.22-20.25.12:201][367]LogModuleManager: Shutting down and abandoning module ShaderFormatOpenGL (63)
[2016.12.22-20.25.12:201][367]LogModuleManager: Shutting down and abandoning module ShaderFormatD3D (62)
[2016.12.22-20.25.12:201][367]LogModuleManager: Shutting down and abandoning module MetalShaderFormat (61)
[2016.12.22-20.25.12:201][367]LogModuleManager: Shutting down and abandoning module TextureFormatUncompressed (60)
[2016.12.22-20.25.12:201][367]LogModuleManager: Shutting down and abandoning module TextureFormatPVR (59)
[2016.12.22-20.25.12:201][367]LogModuleManager: Shutting down and abandoning module TextureFormatDXT (58)
[2016.12.22-20.25.12:201][367]LogModuleManager: Shutting down and abandoning module TextureFormatIntelISPCTexComp (57)
[2016.12.22-20.25.12:201][367]LogModuleManager: Shutting down and abandoning module ImageWrapper (56)
[2016.12.22-20.25.12:201][367]LogModuleManager: Shutting down and abandoning module TextureFormatASTC (55)
[2016.12.22-20.25.12:201][367]LogModuleManager: Shutting down and abandoning module TextureFormatAndroid (54)
[2016.12.22-20.25.12:201][367]LogModuleManager: Shutting down and abandoning module AudioFormatOpus (53)
[2016.12.22-20.25.12:201][367]LogModuleManager: Shutting down and abandoning module AudioFormatOgg (52)
[2016.12.22-20.25.12:201][367]LogModuleManager: Shutting down and abandoning module AudioFormatADPCM (51)
[2016.12.22-20.25.12:201][367]LogModuleManager: Shutting down and abandoning module LinuxTargetPlatform (50)
[2016.12.22-20.25.12:201][367]LogModuleManager: Shutting down and abandoning module LinuxServerTargetPlatform (49)
[2016.12.22-20.25.12:201][367]LogModuleManager: Shutting down and abandoning module LinuxNoEditorTargetPlatform (48)
[2016.12.22-20.25.12:201][367]LogModuleManager: Shutting down and abandoning module LinuxClientTargetPlatform (47)
[2016.12.22-20.25.12:201][367]LogModuleManager: Shutting down and abandoning module TVOSTargetPlatform (46)
[2016.12.22-20.25.12:201][367]LogModuleManager: Shutting down and abandoning module Messaging (45)
[2016.12.22-20.25.12:201][367]LogModuleManager: Shutting down and abandoning module IOSTargetPlatform (44)
[2016.12.22-20.25.12:201][367]LogModuleManager: Shutting down and abandoning module HTML5TargetPlatform (43)
[2016.12.22-20.25.12:201][367]LogModuleManager: Shutting down and abandoning module Android_PVRTCTargetPlatform (42)
[2016.12.22-20.25.12:201][367]LogModuleManager: Shutting down and abandoning module Android_MultiTargetPlatform (41)
[2016.12.22-20.25.12:201][367]LogModuleManager: Shutting down and abandoning module Android_ETC2TargetPlatform (40)
[2016.12.22-20.25.12:201][367]LogModuleManager: Shutting down and abandoning module Android_ETC1TargetPlatform (39)
[2016.12.22-20.25.12:201][367]LogModuleManager: Shutting down and abandoning module Android_DXTTargetPlatform (38)
[2016.12.22-20.25.12:201][367]LogModuleManager: Shutting down and abandoning module Android_ATCTargetPlatform (37)
[2016.12.22-20.25.12:201][367]LogModuleManager: Shutting down and abandoning module Android_ASTCTargetPlatform (36)
[2016.12.22-20.25.12:201][367]LogModuleManager: Shutting down and abandoning module AndroidTargetPlatform (35)
[2016.12.22-20.25.12:201][367]LogModuleManager: Shutting down and abandoning module WindowsTargetPlatform (34)
[2016.12.22-20.25.12:201][367]LogModuleManager: Shutting down and abandoning module WindowsServerTargetPlatform (33)
[2016.12.22-20.25.12:201][367]LogModuleManager: Shutting down and abandoning module WindowsNoEditorTargetPlatform (32)
[2016.12.22-20.25.12:201][367]LogModuleManager: Shutting down and abandoning module WindowsClientTargetPlatform (31)
[2016.12.22-20.25.12:201][367]LogModuleManager: Shutting down and abandoning module MacTargetPlatform (30)
[2016.12.22-20.25.12:201][367]LogModuleManager: Shutting down and abandoning module MacServerTargetPlatform (29)
[2016.12.22-20.25.12:201][367]LogModuleManager: Shutting down and abandoning module MacNoEditorTargetPlatform (28)
[2016.12.22-20.25.12:201][367]LogModuleManager: Shutting down and abandoning module MacClientTargetPlatform (27)
[2016.12.22-20.25.12:201][367]LogModuleManager: Shutting down and abandoning module AllDesktopTargetPlatform (26)
[2016.12.22-20.25.12:201][367]LogModuleManager: Shutting down and abandoning module TargetPlatform (25)
[2016.12.22-20.25.12:201][367]LogModuleManager: Shutting down and abandoning module InputCore (24)
[2016.12.22-20.25.12:201][367]LogModuleManager: Shutting down and abandoning module Settings (23)
[2016.12.22-20.25.12:201][367]LogModuleManager: Shutting down and abandoning module OculusRift (22)
[2016.12.22-20.25.12:201][367]LogModuleManager: Shutting down and abandoning module ExampleDeviceProfileSelector (21)
[2016.12.22-20.25.12:201][367]LogModuleManager: Shutting down and abandoning module OnlineBlueprintSupport (20)
[2016.12.22-20.25.12:201][367]LogModuleManager: Shutting down and abandoning module OnlineSubsystem (18)
[2016.12.22-20.25.12:201][367]LogOnline:Display: Unloading online subsystem: NULL
[2016.12.22-20.25.12:202][367]LogModuleManager: Shutting down and abandoning module SSL (17)
[2016.12.22-20.25.12:202][367]LogModuleManager: Shutting down and abandoning module HTTP (16)
[2016.12.22-20.25.12:202][367]LogModuleManager: Shutting down and abandoning module XMPP (15)
[2016.12.22-20.25.12:202][367]LogModuleManager: Shutting down and abandoning module TextureCompressor (14)
[2016.12.22-20.25.12:202][367]LogModuleManager: Shutting down and abandoning module ShaderCore (13)
[2016.12.22-20.25.12:202][367]LogModuleManager: Shutting down and abandoning module Landscape (12)
[2016.12.22-20.25.12:202][367]LogModuleManager: Shutting down and abandoning module SlateRHIRenderer (11)
[2016.12.22-20.25.12:207][367]LogModuleManager: Shutting down and abandoning module OpenGLDrv (10)
[2016.12.22-20.25.12:207][367]LogModuleManager: Shutting down and abandoning module D3D11RHI (9)
[2016.12.22-20.25.12:207][367]LogModuleManager: Shutting down and abandoning module AnimGraphRuntime (8)
[2016.12.22-20.25.12:207][367]LogModuleManager: Shutting down and abandoning module Renderer (7)
[2016.12.22-20.25.12:207][367]LogModuleManager: Shutting down and abandoning module Engine (6)
[2016.12.22-20.25.12:207][367]LogModuleManager: Shutting down and abandoning module CoreUObject (5)
[2016.12.22-20.25.12:207][367]LogModuleManager: Shutting down and abandoning module NetworkFile (4)
[2016.12.22-20.25.12:207][367]LogModuleManager: Shutting down and abandoning module StreamingFile (3)
[2016.12.22-20.25.12:207][367]LogModuleManager: Shutting down and abandoning module SandboxFile (2)
[2016.12.22-20.25.12:207][367]LogModuleManager: Shutting down and abandoning module PakFile (1)
[2016.12.22-20.25.12:208][367]LogExit: Exiting.
[2016.12.22-20.25.12:209][367]Log file closed, 12/22/16 12:25:12
